{"/Users/anton/Desktop/netology/homework/typescript-homework/dist/ts/domain/Book.js": {"path":"/Users/anton/Desktop/netology/homework/typescript-homework/dist/ts/domain/Book.js","statementMap":{"0":{"start":{"line":2,"column":0},"end":{"line":2,"column":62}},"1":{"start":{"line":3,"column":26},"end":{"line":12,"column":3}},"2":{"start":{"line":5,"column":8},"end":{"line":5,"column":21}},"3":{"start":{"line":6,"column":8},"end":{"line":6,"column":25}},"4":{"start":{"line":7,"column":8},"end":{"line":7,"column":29}},"5":{"start":{"line":8,"column":8},"end":{"line":8,"column":27}},"6":{"start":{"line":9,"column":8},"end":{"line":9,"column":27}},"7":{"start":{"line":11,"column":4},"end":{"line":11,"column":16}},"8":{"start":{"line":13,"column":0},"end":{"line":13,"column":23}}},"fnMap":{"0":{"name":"(anonymous_0)","decl":{"start":{"line":3,"column":26},"end":{"line":3,"column":27}},"loc":{"start":{"line":3,"column":38},"end":{"line":12,"column":1}},"line":3},"1":{"name":"Book","decl":{"start":{"line":4,"column":13},"end":{"line":4,"column":17}},"loc":{"start":{"line":4,"column":50},"end":{"line":10,"column":5}},"line":4}},"branchMap":{},"s":{"0":1,"1":1,"2":2,"3":2,"4":2,"5":2,"6":2,"7":1,"8":1},"f":{"0":1,"1":2},"b":{},"inputSourceMap":null,"_coverageSchema":"1a1c01bbd47fc00a2c39e90264f33305004495a9","hash":"990c3e5de7e8936835f6a037c5ff706dd249de0b"}
,"/Users/anton/Desktop/netology/homework/typescript-homework/dist/ts/domain/Movie.js": {"path":"/Users/anton/Desktop/netology/homework/typescript-homework/dist/ts/domain/Movie.js","statementMap":{"0":{"start":{"line":2,"column":0},"end":{"line":2,"column":62}},"1":{"start":{"line":3,"column":27},"end":{"line":15,"column":3}},"2":{"start":{"line":5,"column":8},"end":{"line":5,"column":21}},"3":{"start":{"line":6,"column":8},"end":{"line":6,"column":25}},"4":{"start":{"line":7,"column":8},"end":{"line":7,"column":25}},"5":{"start":{"line":8,"column":8},"end":{"line":8,"column":31}},"6":{"start":{"line":9,"column":8},"end":{"line":9,"column":29}},"7":{"start":{"line":10,"column":8},"end":{"line":10,"column":27}},"8":{"start":{"line":11,"column":8},"end":{"line":11,"column":33}},"9":{"start":{"line":12,"column":8},"end":{"line":12,"column":27}},"10":{"start":{"line":14,"column":4},"end":{"line":14,"column":17}},"11":{"start":{"line":16,"column":0},"end":{"line":16,"column":24}}},"fnMap":{"0":{"name":"(anonymous_0)","decl":{"start":{"line":3,"column":27},"end":{"line":3,"column":28}},"loc":{"start":{"line":3,"column":39},"end":{"line":15,"column":1}},"line":3},"1":{"name":"Movie","decl":{"start":{"line":4,"column":13},"end":{"line":4,"column":18}},"loc":{"start":{"line":4,"column":76},"end":{"line":13,"column":5}},"line":4}},"branchMap":{},"s":{"0":1,"1":1,"2":2,"3":2,"4":2,"5":2,"6":2,"7":2,"8":2,"9":2,"10":1,"11":1},"f":{"0":1,"1":2},"b":{},"inputSourceMap":null,"_coverageSchema":"1a1c01bbd47fc00a2c39e90264f33305004495a9","hash":"b5875d005cc8f7d3befe4d392ea4d6a312a79e2c"}
,"/Users/anton/Desktop/netology/homework/typescript-homework/dist/ts/domain/MusicAlbum.js": {"path":"/Users/anton/Desktop/netology/homework/typescript-homework/dist/ts/domain/MusicAlbum.js","statementMap":{"0":{"start":{"line":2,"column":0},"end":{"line":2,"column":62}},"1":{"start":{"line":3,"column":32},"end":{"line":11,"column":3}},"2":{"start":{"line":5,"column":8},"end":{"line":5,"column":21}},"3":{"start":{"line":6,"column":8},"end":{"line":6,"column":25}},"4":{"start":{"line":7,"column":8},"end":{"line":7,"column":29}},"5":{"start":{"line":8,"column":8},"end":{"line":8,"column":27}},"6":{"start":{"line":10,"column":4},"end":{"line":10,"column":22}},"7":{"start":{"line":12,"column":0},"end":{"line":12,"column":29}}},"fnMap":{"0":{"name":"(anonymous_0)","decl":{"start":{"line":3,"column":32},"end":{"line":3,"column":33}},"loc":{"start":{"line":3,"column":44},"end":{"line":11,"column":1}},"line":3},"1":{"name":"MusicAlbum","decl":{"start":{"line":4,"column":13},"end":{"line":4,"column":23}},"loc":{"start":{"line":4,"column":49},"end":{"line":9,"column":5}},"line":4}},"branchMap":{},"s":{"0":1,"1":1,"2":2,"3":2,"4":2,"5":2,"6":1,"7":1},"f":{"0":1,"1":2},"b":{},"inputSourceMap":null,"_coverageSchema":"1a1c01bbd47fc00a2c39e90264f33305004495a9","hash":"ff3a9c909cf85de4e7bb03b2c0a98c4ea6ee5177"}
,"/Users/anton/Desktop/netology/homework/typescript-homework/dist/ts/service/Cart.js": {"path":"/Users/anton/Desktop/netology/homework/typescript-homework/dist/ts/service/Cart.js","statementMap":{"0":{"start":{"line":2,"column":20},"end":{"line":10,"column":1}},"1":{"start":{"line":3,"column":4},"end":{"line":8,"column":5}},"2":{"start":{"line":3,"column":40},"end":{"line":8,"column":5}},"3":{"start":{"line":3,"column":53},"end":{"line":3,"column":54}},"4":{"start":{"line":3,"column":60},"end":{"line":3,"column":71}},"5":{"start":{"line":4,"column":8},"end":{"line":7,"column":9}},"6":{"start":{"line":5,"column":12},"end":{"line":5,"column":65}},"7":{"start":{"line":5,"column":21},"end":{"line":5,"column":65}},"8":{"start":{"line":6,"column":12},"end":{"line":6,"column":28}},"9":{"start":{"line":9,"column":4},"end":{"line":9,"column":61}},"10":{"start":{"line":11,"column":0},"end":{"line":11,"column":62}},"11":{"start":{"line":12,"column":26},"end":{"line":45,"column":3}},"12":{"start":{"line":14,"column":8},"end":{"line":14,"column":25}},"13":{"start":{"line":16,"column":4},"end":{"line":18,"column":6}},"14":{"start":{"line":17,"column":8},"end":{"line":17,"column":31}},"15":{"start":{"line":19,"column":4},"end":{"line":25,"column":7}},"16":{"start":{"line":21,"column":12},"end":{"line":21,"column":56}},"17":{"start":{"line":27,"column":4},"end":{"line":29,"column":6}},"18":{"start":{"line":28,"column":8},"end":{"line":28,"column":88}},"19":{"start":{"line":28,"column":57},"end":{"line":28,"column":81}},"20":{"start":{"line":31,"column":4},"end":{"line":33,"column":6}},"21":{"start":{"line":32,"column":8},"end":{"line":32,"column":40}},"22":{"start":{"line":35,"column":4},"end":{"line":43,"column":6}},"23":{"start":{"line":36,"column":28},"end":{"line":36,"column":93}},"24":{"start":{"line":36,"column":68},"end":{"line":36,"column":90}},"25":{"start":{"line":37,"column":8},"end":{"line":41,"column":9}},"26":{"start":{"line":39,"column":30},"end":{"line":39,"column":69}},"27":{"start":{"line":40,"column":12},"end":{"line":40,"column":31}},"28":{"start":{"line":42,"column":8},"end":{"line":42,"column":25}},"29":{"start":{"line":44,"column":4},"end":{"line":44,"column":16}},"30":{"start":{"line":46,"column":0},"end":{"line":46,"column":23}}},"fnMap":{"0":{"name":"(anonymous_0)","decl":{"start":{"line":2,"column":52},"end":{"line":2,"column":53}},"loc":{"start":{"line":2,"column":78},"end":{"line":10,"column":1}},"line":2},"1":{"name":"(anonymous_1)","decl":{"start":{"line":12,"column":26},"end":{"line":12,"column":27}},"loc":{"start":{"line":12,"column":38},"end":{"line":45,"column":1}},"line":12},"2":{"name":"Cart","decl":{"start":{"line":13,"column":13},"end":{"line":13,"column":17}},"loc":{"start":{"line":13,"column":20},"end":{"line":15,"column":5}},"line":13},"3":{"name":"(anonymous_3)","decl":{"start":{"line":16,"column":25},"end":{"line":16,"column":26}},"loc":{"start":{"line":16,"column":41},"end":{"line":18,"column":5}},"line":16},"4":{"name":"(anonymous_4)","decl":{"start":{"line":20,"column":13},"end":{"line":20,"column":14}},"loc":{"start":{"line":20,"column":25},"end":{"line":22,"column":9}},"line":20},"5":{"name":"(anonymous_5)","decl":{"start":{"line":27,"column":25},"end":{"line":27,"column":26}},"loc":{"start":{"line":27,"column":37},"end":{"line":29,"column":5}},"line":27},"6":{"name":"(anonymous_6)","decl":{"start":{"line":28,"column":34},"end":{"line":28,"column":35}},"loc":{"start":{"line":28,"column":55},"end":{"line":28,"column":83}},"line":28},"7":{"name":"(anonymous_7)","decl":{"start":{"line":31,"column":37},"end":{"line":31,"column":38}},"loc":{"start":{"line":31,"column":54},"end":{"line":33,"column":5}},"line":31},"8":{"name":"(anonymous_8)","decl":{"start":{"line":35,"column":28},"end":{"line":35,"column":29}},"loc":{"start":{"line":35,"column":42},"end":{"line":43,"column":5}},"line":35},"9":{"name":"(anonymous_9)","decl":{"start":{"line":36,"column":50},"end":{"line":36,"column":51}},"loc":{"start":{"line":36,"column":66},"end":{"line":36,"column":92}},"line":36}},"branchMap":{"0":{"loc":{"start":{"line":2,"column":20},"end":{"line":10,"column":1}},"type":"binary-expr","locations":[{"start":{"line":2,"column":21},"end":{"line":2,"column":25}},{"start":{"line":2,"column":29},"end":{"line":2,"column":47}},{"start":{"line":2,"column":52},"end":{"line":10,"column":1}}],"line":2},"1":{"loc":{"start":{"line":3,"column":4},"end":{"line":8,"column":5}},"type":"if","locations":[{"start":{"line":3,"column":4},"end":{"line":8,"column":5}},{"start":{"line":3,"column":4},"end":{"line":8,"column":5}}],"line":3},"2":{"loc":{"start":{"line":3,"column":8},"end":{"line":3,"column":38}},"type":"binary-expr","locations":[{"start":{"line":3,"column":8},"end":{"line":3,"column":12}},{"start":{"line":3,"column":16},"end":{"line":3,"column":38}}],"line":3},"3":{"loc":{"start":{"line":4,"column":8},"end":{"line":7,"column":9}},"type":"if","locations":[{"start":{"line":4,"column":8},"end":{"line":7,"column":9}},{"start":{"line":4,"column":8},"end":{"line":7,"column":9}}],"line":4},"4":{"loc":{"start":{"line":4,"column":12},"end":{"line":4,"column":30}},"type":"binary-expr","locations":[{"start":{"line":4,"column":12},"end":{"line":4,"column":14}},{"start":{"line":4,"column":18},"end":{"line":4,"column":30}}],"line":4},"5":{"loc":{"start":{"line":5,"column":12},"end":{"line":5,"column":65}},"type":"if","locations":[{"start":{"line":5,"column":12},"end":{"line":5,"column":65}},{"start":{"line":5,"column":12},"end":{"line":5,"column":65}}],"line":5},"6":{"loc":{"start":{"line":9,"column":21},"end":{"line":9,"column":59}},"type":"binary-expr","locations":[{"start":{"line":9,"column":21},"end":{"line":9,"column":23}},{"start":{"line":9,"column":27},"end":{"line":9,"column":59}}],"line":9},"7":{"loc":{"start":{"line":37,"column":8},"end":{"line":41,"column":9}},"type":"if","locations":[{"start":{"line":37,"column":8},"end":{"line":41,"column":9}},{"start":{"line":37,"column":8},"end":{"line":41,"column":9}}],"line":37}},"s":{"0":1,"1":4,"2":4,"3":4,"4":4,"5":6,"6":0,"7":0,"8":0,"9":4,"10":1,"11":1,"12":4,"13":1,"14":7,"15":1,"16":4,"17":1,"18":2,"19":6,"20":1,"21":1,"22":1,"23":2,"24":3,"25":2,"26":1,"27":1,"28":1,"29":1,"30":1},"f":{"0":4,"1":1,"2":4,"3":7,"4":4,"5":2,"6":6,"7":1,"8":2,"9":3},"b":{"0":[1,1,1],"1":[4,0],"2":[4,0],"3":[0,6],"4":[6,6],"5":[0,0],"6":[4,4],"7":[1,1]},"inputSourceMap":null,"_coverageSchema":"1a1c01bbd47fc00a2c39e90264f33305004495a9","hash":"3fca6e776f02a058694eea3a30e9b0b53b5c8761"}
,"/Users/anton/Desktop/netology/homework/typescript-homework/src/ts/domain/Book.ts": {"path":"/Users/anton/Desktop/netology/homework/typescript-homework/src/ts/domain/Book.ts","statementMap":{"0":{"start":{"line":3,"column":0},"end":{"line":3,"column":null}},"1":{"start":{"line":5,"column":17},"end":{"line":5,"column":27}},"2":{"start":{"line":6,"column":17},"end":{"line":6,"column":29}},"3":{"start":{"line":7,"column":17},"end":{"line":7,"column":31}},"4":{"start":{"line":8,"column":17},"end":{"line":8,"column":30}},"5":{"start":{"line":9,"column":17},"end":{"line":9,"column":30}},"6":{"start":{"line":11,"column":0},"end":{"line":11,"column":null}}},"fnMap":{"0":{"name":"(anonymous_0)","decl":{"start":{"line":3,"column":0},"end":{"line":3,"column":null}},"loc":{"start":{"line":3,"column":0},"end":{"line":11,"column":null}}},"1":{"name":"Book","decl":{"start":{"line":4,"column":4},"end":{"line":4,"column":null}},"loc":{"start":{"line":9,"column":30},"end":{"line":10,"column":9}}}},"branchMap":{},"s":{"0":1,"1":2,"2":2,"3":2,"4":2,"5":2,"6":1},"f":{"0":1,"1":2},"b":{}}
,"/Users/anton/Desktop/netology/homework/typescript-homework/src/ts/domain/Movie.ts": {"path":"/Users/anton/Desktop/netology/homework/typescript-homework/src/ts/domain/Movie.ts","statementMap":{"0":{"start":{"line":3,"column":0},"end":{"line":3,"column":null}},"1":{"start":{"line":5,"column":17},"end":{"line":5,"column":27}},"2":{"start":{"line":6,"column":17},"end":{"line":6,"column":29}},"3":{"start":{"line":7,"column":17},"end":{"line":7,"column":29}},"4":{"start":{"line":8,"column":17},"end":{"line":8,"column":32}},"5":{"start":{"line":9,"column":17},"end":{"line":9,"column":31}},"6":{"start":{"line":10,"column":17},"end":{"line":10,"column":30}},"7":{"start":{"line":11,"column":17},"end":{"line":11,"column":33}},"8":{"start":{"line":12,"column":17},"end":{"line":12,"column":30}},"9":{"start":{"line":14,"column":0},"end":{"line":14,"column":null}}},"fnMap":{"0":{"name":"(anonymous_0)","decl":{"start":{"line":3,"column":0},"end":{"line":3,"column":null}},"loc":{"start":{"line":3,"column":0},"end":{"line":14,"column":null}}},"1":{"name":"Movie","decl":{"start":{"line":4,"column":4},"end":{"line":4,"column":null}},"loc":{"start":{"line":12,"column":30},"end":{"line":13,"column":9}}}},"branchMap":{},"s":{"0":1,"1":2,"2":2,"3":2,"4":2,"5":2,"6":2,"7":2,"8":2,"9":1},"f":{"0":1,"1":2},"b":{}}
,"/Users/anton/Desktop/netology/homework/typescript-homework/src/ts/domain/MusicAlbum.ts": {"path":"/Users/anton/Desktop/netology/homework/typescript-homework/src/ts/domain/MusicAlbum.ts","statementMap":{"0":{"start":{"line":3,"column":0},"end":{"line":3,"column":null}},"1":{"start":{"line":5,"column":17},"end":{"line":5,"column":27}},"2":{"start":{"line":6,"column":17},"end":{"line":6,"column":29}},"3":{"start":{"line":7,"column":17},"end":{"line":7,"column":31}},"4":{"start":{"line":8,"column":17},"end":{"line":8,"column":30}},"5":{"start":{"line":10,"column":0},"end":{"line":10,"column":null}}},"fnMap":{"0":{"name":"(anonymous_0)","decl":{"start":{"line":3,"column":0},"end":{"line":3,"column":null}},"loc":{"start":{"line":3,"column":0},"end":{"line":10,"column":null}}},"1":{"name":"MusicAlbum","decl":{"start":{"line":4,"column":4},"end":{"line":4,"column":null}},"loc":{"start":{"line":8,"column":30},"end":{"line":9,"column":9}}}},"branchMap":{},"s":{"0":1,"1":2,"2":2,"3":2,"4":2,"5":1},"f":{"0":1,"1":2},"b":{}}
,"/Users/anton/Desktop/netology/homework/typescript-homework/src/ts/service/Cart.ts": {"path":"/Users/anton/Desktop/netology/homework/typescript-homework/src/ts/service/Cart.ts","statementMap":{"0":{"start":{"line":3,"column":0},"end":{"line":3,"column":null}},"1":{"start":{"line":4,"column":12},"end":{"line":4,"column":35}},"2":{"start":{"line":6,"column":4},"end":{"line":8,"column":null}},"3":{"start":{"line":7,"column":8},"end":{"line":7,"column":31}},"4":{"start":{"line":10,"column":4},"end":{"line":12,"column":null}},"5":{"start":{"line":11,"column":8},"end":{"line":11,"column":32}},"6":{"start":{"line":14,"column":4},"end":{"line":16,"column":null}},"7":{"start":{"line":15,"column":8},"end":{"line":15,"column":null}},"8":{"start":{"line":15,"column":49},"end":{"line":15,"column":67}},"9":{"start":{"line":18,"column":4},"end":{"line":20,"column":null}},"10":{"start":{"line":19,"column":8},"end":{"line":19,"column":40}},"11":{"start":{"line":23,"column":4},"end":{"line":33,"column":null}},"12":{"start":{"line":24,"column":30},"end":{"line":24,"column":75}},"13":{"start":{"line":24,"column":60},"end":{"line":24,"column":75}},"14":{"start":{"line":26,"column":8},"end":{"line":30,"column":null}},"15":{"start":{"line":28,"column":34},"end":{"line":28,"column":71}},"16":{"start":{"line":29,"column":12},"end":{"line":29,"column":31}},"17":{"start":{"line":32,"column":8},"end":{"line":32,"column":25}},"18":{"start":{"line":34,"column":0},"end":{"line":34,"column":null}}},"fnMap":{"0":{"name":"(anonymous_1)","decl":{"start":{"line":3,"column":0},"end":{"line":3,"column":null}},"loc":{"start":{"line":3,"column":0},"end":{"line":34,"column":null}}},"1":{"name":"(anonymous_3)","decl":{"start":{"line":6,"column":4},"end":{"line":6,"column":7}},"loc":{"start":{"line":6,"column":21},"end":{"line":8,"column":5}}},"2":{"name":"(anonymous_4)","decl":{"start":{"line":10,"column":4},"end":{"line":10,"column":8}},"loc":{"start":{"line":10,"column":4},"end":{"line":12,"column":5}}},"3":{"name":"(anonymous_5)","decl":{"start":{"line":14,"column":4},"end":{"line":14,"column":7}},"loc":{"start":{"line":14,"column":4},"end":{"line":16,"column":5}}},"4":{"name":"(anonymous_6)","decl":{"start":{"line":15,"column":34},"end":{"line":15,"column":35}},"loc":{"start":{"line":15,"column":44},"end":{"line":15,"column":52}}},"5":{"name":"(anonymous_7)","decl":{"start":{"line":18,"column":4},"end":{"line":18,"column":19}},"loc":{"start":{"line":18,"column":33},"end":{"line":20,"column":5}}},"6":{"name":"(anonymous_8)","decl":{"start":{"line":23,"column":4},"end":{"line":23,"column":10}},"loc":{"start":{"line":23,"column":21},"end":{"line":33,"column":5}}},"7":{"name":"(anonymous_9)","decl":{"start":{"line":24,"column":52},"end":{"line":24,"column":56}},"loc":{"start":{"line":24,"column":56},"end":{"line":24,"column":64}}}},"branchMap":{"0":{"loc":{"start":{"line":26,"column":8},"end":{"line":30,"column":null}},"type":"if","locations":[{"start":{"line":26,"column":8},"end":{"line":30,"column":null}},{"start":{"line":26,"column":8},"end":{"line":30,"column":null}}]}},"s":{"0":1,"1":4,"2":1,"3":7,"4":1,"5":4,"6":1,"7":2,"8":6,"9":1,"10":1,"11":1,"12":2,"13":3,"14":2,"15":1,"16":1,"17":1,"18":1},"f":{"0":5,"1":7,"2":4,"3":2,"4":6,"5":1,"6":2,"7":3},"b":{"0":[1,1]}}
}
