TN:
SF:dist/ts/domain/Book.js
FN:3,(anonymous_0)
FN:4,Book
FNF:2
FNH:2
FNDA:1,(anonymous_0)
FNDA:2,Book
DA:2,1
DA:3,1
DA:5,2
DA:6,2
DA:7,2
DA:8,2
DA:9,2
DA:11,1
DA:13,1
LF:9
LH:9
BRF:0
BRH:0
end_of_record
TN:
SF:dist/ts/domain/Movie.js
FN:3,(anonymous_0)
FN:4,Movie
FNF:2
FNH:2
FNDA:1,(anonymous_0)
FNDA:2,Movie
DA:2,1
DA:3,1
DA:5,2
DA:6,2
DA:7,2
DA:8,2
DA:9,2
DA:10,2
DA:11,2
DA:12,2
DA:14,1
DA:16,1
LF:12
LH:12
BRF:0
BRH:0
end_of_record
TN:
SF:dist/ts/domain/MusicAlbum.js
FN:3,(anonymous_0)
FN:4,MusicAlbum
FNF:2
FNH:2
FNDA:1,(anonymous_0)
FNDA:2,MusicAlbum
DA:2,1
DA:3,1
DA:5,2
DA:6,2
DA:7,2
DA:8,2
DA:10,1
DA:12,1
LF:8
LH:8
BRF:0
BRH:0
end_of_record
TN:
SF:dist/ts/service/Cart.js
FN:2,(anonymous_0)
FN:12,(anonymous_1)
FN:13,Cart
FN:16,(anonymous_3)
FN:20,(anonymous_4)
FN:27,(anonymous_5)
FN:28,(anonymous_6)
FN:31,(anonymous_7)
FN:35,(anonymous_8)
FN:36,(anonymous_9)
FNF:10
FNH:10
FNDA:4,(anonymous_0)
FNDA:1,(anonymous_1)
FNDA:4,Cart
FNDA:7,(anonymous_3)
FNDA:4,(anonymous_4)
FNDA:2,(anonymous_5)
FNDA:6,(anonymous_6)
FNDA:1,(anonymous_7)
FNDA:2,(anonymous_8)
FNDA:3,(anonymous_9)
DA:2,1
DA:3,4
DA:4,6
DA:5,0
DA:6,0
DA:9,4
DA:11,1
DA:12,1
DA:14,4
DA:16,1
DA:17,7
DA:19,1
DA:21,4
DA:27,1
DA:28,6
DA:31,1
DA:32,1
DA:35,1
DA:36,3
DA:37,2
DA:39,1
DA:40,1
DA:42,1
DA:44,1
DA:46,1
LF:25
LH:23
BRDA:2,0,0,1
BRDA:2,0,1,1
BRDA:2,0,2,1
BRDA:3,1,0,4
BRDA:3,1,1,0
BRDA:3,2,0,4
BRDA:3,2,1,0
BRDA:4,3,0,0
BRDA:4,3,1,6
BRDA:4,4,0,6
BRDA:4,4,1,6
BRDA:5,5,0,0
BRDA:5,5,1,0
BRDA:9,6,0,4
BRDA:9,6,1,4
BRDA:37,7,0,1
BRDA:37,7,1,1
BRF:17
BRH:12
end_of_record
TN:
SF:src/ts/domain/Book.ts
FN:3,(anonymous_0)
FN:4,Book
FNF:2
FNH:2
FNDA:1,(anonymous_0)
FNDA:2,Book
DA:3,1
DA:5,2
DA:6,2
DA:7,2
DA:8,2
DA:9,2
DA:11,1
LF:7
LH:7
BRF:0
BRH:0
end_of_record
TN:
SF:src/ts/domain/Movie.ts
FN:3,(anonymous_0)
FN:4,Movie
FNF:2
FNH:2
FNDA:1,(anonymous_0)
FNDA:2,Movie
DA:3,1
DA:5,2
DA:6,2
DA:7,2
DA:8,2
DA:9,2
DA:10,2
DA:11,2
DA:12,2
DA:14,1
LF:10
LH:10
BRF:0
BRH:0
end_of_record
TN:
SF:src/ts/domain/MusicAlbum.ts
FN:3,(anonymous_0)
FN:4,MusicAlbum
FNF:2
FNH:2
FNDA:1,(anonymous_0)
FNDA:2,MusicAlbum
DA:3,1
DA:5,2
DA:6,2
DA:7,2
DA:8,2
DA:10,1
LF:6
LH:6
BRF:0
BRH:0
end_of_record
TN:
SF:src/ts/service/Cart.ts
FN:3,(anonymous_1)
FN:6,(anonymous_3)
FN:10,(anonymous_4)
FN:14,(anonymous_5)
FN:15,(anonymous_6)
FN:18,(anonymous_7)
FN:23,(anonymous_8)
FN:24,(anonymous_9)
FNF:8
FNH:8
FNDA:5,(anonymous_1)
FNDA:7,(anonymous_3)
FNDA:4,(anonymous_4)
FNDA:2,(anonymous_5)
FNDA:6,(anonymous_6)
FNDA:1,(anonymous_7)
FNDA:2,(anonymous_8)
FNDA:3,(anonymous_9)
DA:3,1
DA:4,4
DA:6,1
DA:7,7
DA:10,1
DA:11,4
DA:14,1
DA:15,6
DA:18,1
DA:19,1
DA:23,1
DA:24,3
DA:26,2
DA:28,1
DA:29,1
DA:32,1
DA:34,1
LF:17
LH:17
BRDA:26,0,0,1
BRDA:26,0,1,1
BRF:2
BRH:2
end_of_record
